[0409/171158.174:ERROR:process_memory_win.cc(73)] ReadMemory at 0x7ff7e5580000 of 64 bytes failed: 仅完成部分的 ReadProcessMemory 或 WriteProcessMemory 请求。 (0x12B)
[0409/171158.175:WARNING:pe_image_reader.cc(340)] could not read dos header from C:\Program Files (x86)\Google\Chrome\Application\chrome.exe
[0409/171158.176:ERROR:process_memory_win.cc(73)] ReadMemory at 0x7ff954460000 of 64 bytes failed: 仅完成部分的 ReadProcessMemory 或 WriteProcessMemory 请求。 (0x12B)
[0409/171158.176:WARNING:pe_image_reader.cc(340)] could not read dos header from C:\WINDOWS\SYSTEM32\ntdll.dll
[0409/171158.176:ERROR:process_memory_win.cc(73)] ReadMemory at 0x7ff952a20000 of 64 bytes failed: 仅完成部分的 ReadProcessMemory 或 WriteProcessMemory 请求。 (0x12B)
[0409/171158.177:WARNING:pe_image_reader.cc(340)] could not read dos header from C:\WINDOWS\System32\KERNEL32.DLL
[0409/171158.177:ERROR:process_memory_win.cc(73)] ReadMemory at 0x7ff951890000 of 64 bytes failed: 仅完成部分的 ReadProcessMemory 或 WriteProcessMemory 请求。 (0x12B)
[0409/171158.177:WARNING:pe_image_reader.cc(340)] could not read dos header from C:\WINDOWS\System32\KERNELBASE.dll
[0409/171158.177:ERROR:process_memory_win.cc(73)] ReadMemory at 0x7ff91bcc0000 of 64 bytes failed: 仅完成部分的 ReadProcessMemory 或 WriteProcessMemory 请求。 (0x12B)
[0409/171158.177:WARNING:pe_image_reader.cc(340)] could not read dos header from C:\Program Files (x86)\Google\Chrome\Application\80.0.3987.163\chrome_elf.dll
[0409/171158.177:ERROR:process_memory_win.cc(73)] ReadMemory at 0x7ff94ad20000 of 64 bytes failed: 仅完成部分的 ReadProcessMemory 或 WriteProcessMemory 请求。 (0x12B)
[0409/171158.177:WARNING:pe_image_reader.cc(340)] could not read dos header from C:\WINDOWS\SYSTEM32\VERSION.dll
[0409/171158.177:ERROR:process_memory_win.cc(73)] ReadMemory at 0x7ff952980000 of 64 bytes failed: 仅完成部分的 ReadProcessMemory 或 WriteProcessMemory 请求。 (0x12B)
[0409/171158.177:WARNING:pe_image_reader.cc(340)] could not read dos header from C:\WINDOWS\System32\msvcrt.dll
[0409/171158.177:ERROR:process_memory_win.cc(73)] ReadMemory at 0x7ff952470000 of 64 bytes failed: 仅完成部分的 ReadProcessMemory 或 WriteProcessMemory 请求。 (0x12B)
[0409/171158.177:WARNING:pe_image_reader.cc(340)] could not read dos header from C:\WINDOWS\System32\bcryptPrimitives.dll
[0409/171158.177:ERROR:process_memory_win.cc(73)] ReadMemory at 0x7ff954370000 of 64 bytes failed: 仅完成部分的 ReadProcessMemory 或 WriteProcessMemory 请求。 (0x12B)
[0409/171158.177:WARNING:pe_image_reader.cc(340)] could not read dos header from C:\WINDOWS\System32\ADVAPI32.dll
[0409/171158.177:ERROR:process_memory_win.cc(73)] ReadMemory at 0x7ff952b90000 of 64 bytes failed: 仅完成部分的 ReadProcessMemory 或 WriteProcessMemory 请求。 (0x12B)
[0409/171158.177:WARNING:pe_image_reader.cc(340)] could not read dos header from C:\WINDOWS\System32\sechost.dll
[0409/171158.177:ERROR:process_memory_win.cc(73)] ReadMemory at 0x7ff952830000 of 64 bytes failed: 仅完成部分的 ReadProcessMemory 或 WriteProcessMemory 请求。 (0x12B)
[0409/171158.178:WARNING:pe_image_reader.cc(340)] could not read dos header from C:\WINDOWS\System32\RPCRT4.dll
[0409/171158.178:ERROR:process_memory_win.cc(73)] ReadMemory at 0x7ff8ed500000 of 64 bytes failed: 仅完成部分的 ReadProcessMemory 或 WriteProcessMemory 请求。 (0x12B)
[0409/171158.178:WARNING:pe_image_reader.cc(340)] could not read dos header from C:\Program Files (x86)\Google\Chrome\Application\80.0.3987.163\chrome.dll
[0409/171158.178:ERROR:process_memory_win.cc(73)] ReadMemory at 0x7ff952b20000 of 64 bytes failed: 仅完成部分的 ReadProcessMemory 或 WriteProcessMemory 请求。 (0x12B)
[0409/171158.178:WARNING:pe_image_reader.cc(340)] could not read dos header from C:\WINDOWS\System32\WS2_32.dll
[0409/171158.178:ERROR:process_memory_win.cc(73)] ReadMemory at 0x7ff952de0000 of 64 bytes failed: 仅完成部分的 ReadProcessMemory 或 WriteProcessMemory 请求。 (0x12B)
[0409/171158.178:WARNING:pe_image_reader.cc(340)] could not read dos header from C:\WINDOWS\System32\OLEAUT32.dll
[0409/171158.178:ERROR:process_memory_win.cc(73)] ReadMemory at 0x7ff951480000 of 64 bytes failed: 仅完成部分的 ReadProcessMemory 或 WriteProcessMemory 请求。 (0x12B)
[0409/171158.178:WARNING:pe_image_reader.cc(340)] could not read dos header from C:\WINDOWS\System32\msvcp_win.dll
[0409/171158.178:ERROR:process_memory_win.cc(73)] ReadMemory at 0x7ff952370000 of 64 bytes failed: 仅完成部分的 ReadProcessMemory 或 WriteProcessMemory 请求。 (0x12B)
[0409/171158.178:WARNING:pe_image_reader.cc(340)] could not read dos header from C:\WINDOWS\System32\ucrtbase.dll
[0409/171158.178:ERROR:process_memory_win.cc(73)] ReadMemory at 0x7ff953030000 of 64 bytes failed: 仅完成部分的 ReadProcessMemory 或 WriteProcessMemory 请求。 (0x12B)
[0409/171158.178:WARNING:pe_image_reader.cc(340)] could not read dos header from C:\WINDOWS\System32\combase.dll
[0409/171158.178:ERROR:process_memory_win.cc(73)] ReadMemory at 0x7ff9524f0000 of 64 bytes failed: 仅完成部分的 ReadProcessMemory 或 WriteProcessMemory 请求。 (0x12B)
[0409/171158.178:WARNING:pe_image_reader.cc(340)] could not read dos header from C:\WINDOWS\System32\WINTRUST.dll
[0409/171158.178:ERROR:process_memory_win.cc(73)] ReadMemory at 0x7ff951400000 of 64 bytes failed: 仅完成部分的 ReadProcessMemory 或 WriteProcessMemory 请求。 (0x12B)
[0409/171158.178:WARNING:pe_image_reader.cc(340)] could not read dos header from C:\WINDOWS\System32\MSASN1.dll
[0409/171158.178:ERROR:process_memory_win.cc(73)] ReadMemory at 0x7ff951740000 of 64 bytes failed: 仅完成部分的 ReadProcessMemory 或 WriteProcessMemory 请求。 (0x12B)
[0409/171158.178:WARNING:pe_image_reader.cc(340)] could not read dos header from C:\WINDOWS\System32\CRYPT32.dll
[0409/171158.178:ERROR:process_memory_win.cc(73)] ReadMemory at 0x7ff950900000 of 64 bytes failed: 仅完成部分的 ReadProcessMemory 或 WriteProcessMemory 请求。 (0x12B)
[0409/171158.178:WARNING:pe_image_reader.cc(340)] could not read dos header from C:\WINDOWS\SYSTEM32\IPHLPAPI.DLL
[0409/171158.178:ERROR:process_memory_win.cc(73)] ReadMemory at 0x7ff94ac90000 of 64 bytes failed: 仅完成部分的 ReadProcessMemory 或 WriteProcessMemory 请求。 (0x12B)
[0409/171158.178:WARNING:pe_image_reader.cc(340)] could not read dos header from C:\WINDOWS\SYSTEM32\WINMM.dll
[0409/171158.178:ERROR:process_memory_win.cc(73)] ReadMemory at 0x7ff93cb40000 of 64 bytes failed: 仅完成部分的 ReadProcessMemory 或 WriteProcessMemory 请求。 (0x12B)
[0409/171158.178:WARNING:pe_image_reader.cc(340)] could not read dos header from C:\WINDOWS\SYSTEM32\Secur32.dll
[0409/171158.178:ERROR:process_memory_win.cc(73)] ReadMemory at 0x7ff951270000 of 64 bytes failed: 仅完成部分的 ReadProcessMemory 或 WriteProcessMemory 请求。 (0x12B)
[0409/171158.178:WARNING:pe_image_reader.cc(340)] could not read dos header from C:\WINDOWS\SYSTEM32\USERENV.dll
[0409/171158.178:ERROR:process_memory_win.cc(73)] ReadMemory at 0x7ff951420000 of 64 bytes failed: 仅完成部分的 ReadProcessMemory 或 WriteProcessMemory 请求。 (0x12B)
[0409/171158.178:WARNING:pe_image_reader.cc(340)] could not read dos header from C:\WINDOWS\System32\profapi.dll
[0409/171158.178:ERROR:process_memory_win.cc(73)] ReadMemory at 0x7ff92cc70000 of 64 bytes failed: 仅完成部分的 ReadProcessMemory 或 WriteProcessMemory 请求。 (0x12B)
[0409/171158.178:WARNING:pe_image_reader.cc(340)] could not read dos header from C:\WINDOWS\SYSTEM32\UIAutomationCore.DLL
[0409/171158.179:ERROR:process_memory_win.cc(73)] ReadMemory at 0x7ff935830000 of 64 bytes failed: 仅完成部分的 ReadProcessMemory 或 WriteProcessMemory 请求。 (0x12B)
[0409/171158.179:WARNING:pe_image_reader.cc(340)] could not read dos header from C:\WINDOWS\SYSTEM32\DWrite.dll
[0409/171158.179:ERROR:process_memory_win.cc(73)] ReadMemory at 0x7ff941900000 of 64 bytes failed: 仅完成部分的 ReadProcessMemory 或 WriteProcessMemory 请求。 (0x12B)
[0409/171158.179:WARNING:pe_image_reader.cc(340)] could not read dos header from C:\WINDOWS\SYSTEM32\WINSPOOL.DRV
[0409/171158.179:ERROR:process_memory_win.cc(73)] ReadMemory at 0x7ff9513e0000 of 64 bytes failed: 仅完成部分的 ReadProcessMemory 或 WriteProcessMemory 请求。 (0x12B)
[0409/171158.179:WARNING:pe_image_reader.cc(340)] could not read dos header from C:\WINDOWS\System32\kernel.appcore.dll
[0409/171158.179:ERROR:process_memory_win.cc(73)] ReadMemory at 0x7ff951520000 of 64 bytes failed: 仅完成部分的 ReadProcessMemory 或 WriteProcessMemory 请求。 (0x12B)
[0409/171158.179:WARNING:pe_image_reader.cc(340)] could not read dos header from C:\WINDOWS\System32\bcrypt.dll
[0409/171158.179:ERROR:process_memory_win.cc(73)] ReadMemory at 0x7ff94fc60000 of 64 bytes failed: 仅完成部分的 ReadProcessMemory 或 WriteProcessMemory 请求。 (0x12B)
[0409/171158.179:WARNING:pe_image_reader.cc(340)] could not read dos header from C:\WINDOWS\SYSTEM32\dbghelp.dll
[0409/171158.179:ERROR:process_memory_win.cc(73)] ReadMemory at 0x7ff9445b0000 of 64 bytes failed: 仅完成部分的 ReadProcessMemory 或 WriteProcessMemory 请求。 (0x12B)
[0409/171158.179:WARNING:pe_image_reader.cc(340)] could not read dos header from C:\WINDOWS\SYSTEM32\WINHTTP.dll
[0409/171158.179:ERROR:process_memory_win.cc(73)] ReadMemory at 0x7ff94a6f0000 of 64 bytes failed: 仅完成部分的 ReadProcessMemory 或 WriteProcessMemory 请求。 (0x12B)
[0409/171158.179:WARNING:pe_image_reader.cc(340)] could not read dos header from C:\WINDOWS\SYSTEM32\dhcpcsvc.DLL
[0409/171158.179:ERROR:process_memory_win.cc(73)] ReadMemory at 0x7ff9540f0000 of 64 bytes failed: 仅完成部分的 ReadProcessMemory 或 WriteProcessMemory 请求。 (0x12B)
[0409/171158.179:WARNING:pe_image_reader.cc(340)] could not read dos header from C:\WINDOWS\System32\NSI.dll
[0409/171158.179:ERROR:process_memory_win.cc(73)] ReadMemory at 0x7ff94ac60000 of 64 bytes failed: 仅完成部分的 ReadProcessMemory 或 WriteProcessMemory 请求。 (0x12B)
[0409/171158.179:WARNING:pe_image_reader.cc(340)] could not read dos header from C:\WINDOWS\SYSTEM32\WINMMBASE.dll
[0409/171158.179:ERROR:process_memory_win.cc(73)] ReadMemory at 0x7ff951550000 of 64 bytes failed: 仅完成部分的 ReadProcessMemory 或 WriteProcessMemory 请求。 (0x12B)
[0409/171158.179:WARNING:pe_image_reader.cc(340)] could not read dos header from C:\WINDOWS\System32\cfgmgr32.dll
[0409/171158.179:ERROR:process_memory_win.cc(73)] ReadMemory at 0x7ff94edf0000 of 64 bytes failed: 仅完成部分的 ReadProcessMemory 或 WriteProcessMemory 请求。 (0x12B)
[0409/171158.179:WARNING:pe_image_reader.cc(340)] could not read dos header from C:\WINDOWS\SYSTEM32\PROPSYS.dll
[0409/171158.179:ERROR:process_memory_win.cc(73)] ReadMemory at 0x7ff952570000 of 64 bytes failed: 仅完成部分的 ReadProcessMemory 或 WriteProcessMemory 请求。 (0x12B)
[0409/171158.179:WARNING:pe_image_reader.cc(340)] could not read dos header from C:\WINDOWS\System32\shcore.dll
[0409/171158.179:ERROR:process_memory_win.cc(73)] ReadMemory at 0x7ff9512a0000 of 64 bytes failed: 仅完成部分的 ReadProcessMemory 或 WriteProcessMemory 请求。 (0x12B)
[0409/171158.179:WARNING:pe_image_reader.cc(340)] could not read dos header from C:\WINDOWS\SYSTEM32\SSPICLI.DLL
[0409/171158.179:ERROR:process_memory_win.cc(73)] ReadMemory at 0x7ff952af0000 of 64 bytes failed: 仅完成部分的 ReadProcessMemory 或 WriteProcessMemory 请求。 (0x12B)
[0409/171158.179:WARNING:pe_image_reader.cc(340)] could not read dos header from C:\WINDOWS\System32\GDI32.dll
[0409/171158.179:ERROR:process_memory_win.cc(73)] ReadMemory at 0x7ff951450000 of 64 bytes failed: 仅完成部分的 ReadProcessMemory 或 WriteProcessMemory 请求。 (0x12B)
[0409/171158.180:WARNING:pe_image_reader.cc(340)] could not read dos header from C:\WINDOWS\System32\win32u.dll
[0409/171158.180:ERROR:process_memory_win.cc(73)] ReadMemory at 0x7ff9515a0000 of 64 bytes failed: 仅完成部分的 ReadProcessMemory 或 WriteProcessMemory 请求。 (0x12B)
[0409/171158.180:WARNING:pe_image_reader.cc(340)] could not read dos header from C:\WINDOWS\System32\gdi32full.dll
[0409/171158.180:ERROR:process_memory_win.cc(73)] ReadMemory at 0x7ff952690000 of 64 bytes failed: 仅完成部分的 ReadProcessMemory 或 WriteProcessMemory 请求。 (0x12B)
[0409/171158.180:WARNING:pe_image_reader.cc(340)] could not read dos header from C:\WINDOWS\System32\USER32.dll
[0409/171158.180:ERROR:process_memory_win.cc(73)] ReadMemory at 0x7ff952950000 of 64 bytes failed: 仅完成部分的 ReadProcessMemory 或 WriteProcessMemory 请求。 (0x12B)
[0409/171158.180:WARNING:pe_image_reader.cc(340)] could not read dos header from C:\WINDOWS\System32\IMM32.DLL
[0409/171158.180:ERROR:process_memory_win.cc(73)] ReadMemory at 0x7ff7e5580000 of 64 bytes failed: 仅完成部分的 ReadProcessMemory 或 WriteProcessMemory 请求。 (0x12B)
[0409/171158.180:WARNING:pe_image_reader.cc(340)] could not read dos header from C:\Program Files (x86)\Google\Chrome\Application\chrome.exe
[0409/171158.180:ERROR:process_memory_win.cc(73)] ReadMemory at 0x7ff954460000 of 64 bytes failed: 仅完成部分的 ReadProcessMemory 或 WriteProcessMemory 请求。 (0x12B)
[0409/171158.180:WARNING:pe_image_reader.cc(340)] could not read dos header from C:\WINDOWS\SYSTEM32\ntdll.dll
[0409/171158.180:ERROR:process_memory_win.cc(73)] ReadMemory at 0x7ff952a20000 of 64 bytes failed: 仅完成部分的 ReadProcessMemory 或 WriteProcessMemory 请求。 (0x12B)
[0409/171158.180:WARNING:pe_image_reader.cc(340)] could not read dos header from C:\WINDOWS\System32\KERNEL32.DLL
[0409/171158.180:ERROR:process_memory_win.cc(73)] ReadMemory at 0x7ff951890000 of 64 bytes failed: 仅完成部分的 ReadProcessMemory 或 WriteProcessMemory 请求。 (0x12B)
[0409/171158.180:WARNING:pe_image_reader.cc(340)] could not read dos header from C:\WINDOWS\System32\KERNELBASE.dll
[0409/171158.180:ERROR:process_memory_win.cc(73)] ReadMemory at 0x7ff91bcc0000 of 64 bytes failed: 仅完成部分的 ReadProcessMemory 或 WriteProcessMemory 请求。 (0x12B)
[0409/171158.180:WARNING:pe_image_reader.cc(340)] could not read dos header from C:\Program Files (x86)\Google\Chrome\Application\80.0.3987.163\chrome_elf.dll
[0409/171158.180:ERROR:process_memory_win.cc(73)] ReadMemory at 0x7ff94ad20000 of 64 bytes failed: 仅完成部分的 ReadProcessMemory 或 WriteProcessMemory 请求。 (0x12B)
[0409/171158.180:WARNING:pe_image_reader.cc(340)] could not read dos header from C:\WINDOWS\SYSTEM32\VERSION.dll
[0409/171158.180:ERROR:process_memory_win.cc(73)] ReadMemory at 0x7ff952980000 of 64 bytes failed: 仅完成部分的 ReadProcessMemory 或 WriteProcessMemory 请求。 (0x12B)
[0409/171158.180:WARNING:pe_image_reader.cc(340)] could not read dos header from C:\WINDOWS\System32\msvcrt.dll
[0409/171158.180:ERROR:process_memory_win.cc(73)] ReadMemory at 0x7ff952470000 of 64 bytes failed: 仅完成部分的 ReadProcessMemory 或 WriteProcessMemory 请求。 (0x12B)
[0409/171158.180:WARNING:pe_image_reader.cc(340)] could not read dos header from C:\WINDOWS\System32\bcryptPrimitives.dll
[0409/171158.180:ERROR:process_memory_win.cc(73)] ReadMemory at 0x7ff954370000 of 64 bytes failed: 仅完成部分的 ReadProcessMemory 或 WriteProcessMemory 请求。 (0x12B)
[0409/171158.180:WARNING:pe_image_reader.cc(340)] could not read dos header from C:\WINDOWS\System32\ADVAPI32.dll
[0409/171158.180:ERROR:process_memory_win.cc(73)] ReadMemory at 0x7ff952b90000 of 64 bytes failed: 仅完成部分的 ReadProcessMemory 或 WriteProcessMemory 请求。 (0x12B)
[0409/171158.180:WARNING:pe_image_reader.cc(340)] could not read dos header from C:\WINDOWS\System32\sechost.dll
[0409/171158.180:ERROR:process_memory_win.cc(73)] ReadMemory at 0x7ff952830000 of 64 bytes failed: 仅完成部分的 ReadProcessMemory 或 WriteProcessMemory 请求。 (0x12B)
[0409/171158.180:WARNING:pe_image_reader.cc(340)] could not read dos header from C:\WINDOWS\System32\RPCRT4.dll
[0409/171158.180:ERROR:process_memory_win.cc(73)] ReadMemory at 0x7ff8ed500000 of 64 bytes failed: 仅完成部分的 ReadProcessMemory 或 WriteProcessMemory 请求。 (0x12B)
[0409/171158.180:WARNING:pe_image_reader.cc(340)] could not read dos header from C:\Program Files (x86)\Google\Chrome\Application\80.0.3987.163\chrome.dll
[0409/171158.180:ERROR:process_memory_win.cc(73)] ReadMemory at 0x7ff952b20000 of 64 bytes failed: 仅完成部分的 ReadProcessMemory 或 WriteProcessMemory 请求。 (0x12B)
[0409/171158.181:WARNING:pe_image_reader.cc(340)] could not read dos header from C:\WINDOWS\System32\WS2_32.dll
[0409/171158.181:ERROR:process_memory_win.cc(73)] ReadMemory at 0x7ff952de0000 of 64 bytes failed: 仅完成部分的 ReadProcessMemory 或 WriteProcessMemory 请求。 (0x12B)
[0409/171158.181:WARNING:pe_image_reader.cc(340)] could not read dos header from C:\WINDOWS\System32\OLEAUT32.dll
[0409/171158.181:ERROR:process_memory_win.cc(73)] ReadMemory at 0x7ff951480000 of 64 bytes failed: 仅完成部分的 ReadProcessMemory 或 WriteProcessMemory 请求。 (0x12B)
[0409/171158.181:WARNING:pe_image_reader.cc(340)] could not read dos header from C:\WINDOWS\System32\msvcp_win.dll
[0409/171158.181:ERROR:process_memory_win.cc(73)] ReadMemory at 0x7ff952370000 of 64 bytes failed: 仅完成部分的 ReadProcessMemory 或 WriteProcessMemory 请求。 (0x12B)
[0409/171158.181:WARNING:pe_image_reader.cc(340)] could not read dos header from C:\WINDOWS\System32\ucrtbase.dll
[0409/171158.181:ERROR:process_memory_win.cc(73)] ReadMemory at 0x7ff953030000 of 64 bytes failed: 仅完成部分的 ReadProcessMemory 或 WriteProcessMemory 请求。 (0x12B)
[0409/171158.181:WARNING:pe_image_reader.cc(340)] could not read dos header from C:\WINDOWS\System32\combase.dll
[0409/171158.181:ERROR:process_memory_win.cc(73)] ReadMemory at 0x7ff9524f0000 of 64 bytes failed: 仅完成部分的 ReadProcessMemory 或 WriteProcessMemory 请求。 (0x12B)
[0409/171158.181:WARNING:pe_image_reader.cc(340)] could not read dos header from C:\WINDOWS\System32\WINTRUST.dll
[0409/171158.181:ERROR:process_memory_win.cc(73)] ReadMemory at 0x7ff951400000 of 64 bytes failed: 仅完成部分的 ReadProcessMemory 或 WriteProcessMemory 请求。 (0x12B)
[0409/171158.181:WARNING:pe_image_reader.cc(340)] could not read dos header from C:\WINDOWS\System32\MSASN1.dll
[0409/171158.181:ERROR:process_memory_win.cc(73)] ReadMemory at 0x7ff951740000 of 64 bytes failed: 仅完成部分的 ReadProcessMemory 或 WriteProcessMemory 请求。 (0x12B)
[0409/171158.181:WARNING:pe_image_reader.cc(340)] could not read dos header from C:\WINDOWS\System32\CRYPT32.dll
[0409/171158.181:ERROR:process_memory_win.cc(73)] ReadMemory at 0x7ff950900000 of 64 bytes failed: 仅完成部分的 ReadProcessMemory 或 WriteProcessMemory 请求。 (0x12B)
[0409/171158.181:WARNING:pe_image_reader.cc(340)] could not read dos header from C:\WINDOWS\SYSTEM32\IPHLPAPI.DLL
[0409/171158.181:ERROR:process_memory_win.cc(73)] ReadMemory at 0x7ff94ac90000 of 64 bytes failed: 仅完成部分的 ReadProcessMemory 或 WriteProcessMemory 请求。 (0x12B)
[0409/171158.181:WARNING:pe_image_reader.cc(340)] could not read dos header from C:\WINDOWS\SYSTEM32\WINMM.dll
[0409/171158.181:ERROR:process_memory_win.cc(73)] ReadMemory at 0x7ff93cb40000 of 64 bytes failed: 仅完成部分的 ReadProcessMemory 或 WriteProcessMemory 请求。 (0x12B)
[0409/171158.181:WARNING:pe_image_reader.cc(340)] could not read dos header from C:\WINDOWS\SYSTEM32\Secur32.dll
[0409/171158.181:ERROR:process_memory_win.cc(73)] ReadMemory at 0x7ff951270000 of 64 bytes failed: 仅完成部分的 ReadProcessMemory 或 WriteProcessMemory 请求。 (0x12B)
[0409/171158.181:WARNING:pe_image_reader.cc(340)] could not read dos header from C:\WINDOWS\SYSTEM32\USERENV.dll
[0409/171158.181:ERROR:process_memory_win.cc(73)] ReadMemory at 0x7ff951420000 of 64 bytes failed: 仅完成部分的 ReadProcessMemory 或 WriteProcessMemory 请求。 (0x12B)
[0409/171158.181:WARNING:pe_image_reader.cc(340)] could not read dos header from C:\WINDOWS\System32\profapi.dll
[0409/171158.181:ERROR:process_memory_win.cc(73)] ReadMemory at 0x7ff92cc70000 of 64 bytes failed: 仅完成部分的 ReadProcessMemory 或 WriteProcessMemory 请求。 (0x12B)
[0409/171158.181:WARNING:pe_image_reader.cc(340)] could not read dos header from C:\WINDOWS\SYSTEM32\UIAutomationCore.DLL
[0409/171158.181:ERROR:process_memory_win.cc(73)] ReadMemory at 0x7ff935830000 of 64 bytes failed: 仅完成部分的 ReadProcessMemory 或 WriteProcessMemory 请求。 (0x12B)
[0409/171158.181:WARNING:pe_image_reader.cc(340)] could not read dos header from C:\WINDOWS\SYSTEM32\DWrite.dll
[0409/171158.182:ERROR:process_memory_win.cc(73)] ReadMemory at 0x7ff941900000 of 64 bytes failed: 仅完成部分的 ReadProcessMemory 或 WriteProcessMemory 请求。 (0x12B)
[0409/171158.182:WARNING:pe_image_reader.cc(340)] could not read dos header from C:\WINDOWS\SYSTEM32\WINSPOOL.DRV
[0409/171158.182:ERROR:process_memory_win.cc(73)] ReadMemory at 0x7ff9513e0000 of 64 bytes failed: 仅完成部分的 ReadProcessMemory 或 WriteProcessMemory 请求。 (0x12B)
[0409/171158.182:WARNING:pe_image_reader.cc(340)] could not read dos header from C:\WINDOWS\System32\kernel.appcore.dll
[0409/171158.182:ERROR:process_memory_win.cc(73)] ReadMemory at 0x7ff951520000 of 64 bytes failed: 仅完成部分的 ReadProcessMemory 或 WriteProcessMemory 请求。 (0x12B)
[0409/171158.182:WARNING:pe_image_reader.cc(340)] could not read dos header from C:\WINDOWS\System32\bcrypt.dll
[0409/171158.182:ERROR:process_memory_win.cc(73)] ReadMemory at 0x7ff94fc60000 of 64 bytes failed: 仅完成部分的 ReadProcessMemory 或 WriteProcessMemory 请求。 (0x12B)
[0409/171158.182:WARNING:pe_image_reader.cc(340)] could not read dos header from C:\WINDOWS\SYSTEM32\dbghelp.dll
[0409/171158.182:ERROR:process_memory_win.cc(73)] ReadMemory at 0x7ff9445b0000 of 64 bytes failed: 仅完成部分的 ReadProcessMemory 或 WriteProcessMemory 请求。 (0x12B)
[0409/171158.182:WARNING:pe_image_reader.cc(340)] could not read dos header from C:\WINDOWS\SYSTEM32\WINHTTP.dll
[0409/171158.182:ERROR:process_memory_win.cc(73)] ReadMemory at 0x7ff94a6f0000 of 64 bytes failed: 仅完成部分的 ReadProcessMemory 或 WriteProcessMemory 请求。 (0x12B)
[0409/171158.182:WARNING:pe_image_reader.cc(340)] could not read dos header from C:\WINDOWS\SYSTEM32\dhcpcsvc.DLL
[0409/171158.182:ERROR:process_memory_win.cc(73)] ReadMemory at 0x7ff9540f0000 of 64 bytes failed: 仅完成部分的 ReadProcessMemory 或 WriteProcessMemory 请求。 (0x12B)
[0409/171158.182:WARNING:pe_image_reader.cc(340)] could not read dos header from C:\WINDOWS\System32\NSI.dll
[0409/171158.182:ERROR:process_memory_win.cc(73)] ReadMemory at 0x7ff94ac60000 of 64 bytes failed: 仅完成部分的 ReadProcessMemory 或 WriteProcessMemory 请求。 (0x12B)
[0409/171158.182:WARNING:pe_image_reader.cc(340)] could not read dos header from C:\WINDOWS\SYSTEM32\WINMMBASE.dll
[0409/171158.182:ERROR:process_memory_win.cc(73)] ReadMemory at 0x7ff951550000 of 64 bytes failed: 仅完成部分的 ReadProcessMemory 或 WriteProcessMemory 请求。 (0x12B)
[0409/171158.182:WARNING:pe_image_reader.cc(340)] could not read dos header from C:\WINDOWS\System32\cfgmgr32.dll
[0409/171158.182:ERROR:process_memory_win.cc(73)] ReadMemory at 0x7ff94edf0000 of 64 bytes failed: 仅完成部分的 ReadProcessMemory 或 WriteProcessMemory 请求。 (0x12B)
[0409/171158.182:WARNING:pe_image_reader.cc(340)] could not read dos header from C:\WINDOWS\SYSTEM32\PROPSYS.dll
[0409/171158.182:ERROR:process_memory_win.cc(73)] ReadMemory at 0x7ff952570000 of 64 bytes failed: 仅完成部分的 ReadProcessMemory 或 WriteProcessMemory 请求。 (0x12B)
[0409/171158.182:WARNING:pe_image_reader.cc(340)] could not read dos header from C:\WINDOWS\System32\shcore.dll
[0409/171158.182:ERROR:process_memory_win.cc(73)] ReadMemory at 0x7ff9512a0000 of 64 bytes failed: 仅完成部分的 ReadProcessMemory 或 WriteProcessMemory 请求。 (0x12B)
[0409/171158.182:WARNING:pe_image_reader.cc(340)] could not read dos header from C:\WINDOWS\SYSTEM32\SSPICLI.DLL
[0409/171158.182:ERROR:process_memory_win.cc(73)] ReadMemory at 0x7ff952af0000 of 64 bytes failed: 仅完成部分的 ReadProcessMemory 或 WriteProcessMemory 请求。 (0x12B)
[0409/171158.182:WARNING:pe_image_reader.cc(340)] could not read dos header from C:\WINDOWS\System32\GDI32.dll
[0409/171158.182:ERROR:process_memory_win.cc(73)] ReadMemory at 0x7ff951450000 of 64 bytes failed: 仅完成部分的 ReadProcessMemory 或 WriteProcessMemory 请求。 (0x12B)
[0409/171158.182:WARNING:pe_image_reader.cc(340)] could not read dos header from C:\WINDOWS\System32\win32u.dll
[0409/171158.182:ERROR:process_memory_win.cc(73)] ReadMemory at 0x7ff9515a0000 of 64 bytes failed: 仅完成部分的 ReadProcessMemory 或 WriteProcessMemory 请求。 (0x12B)
[0409/171158.182:WARNING:pe_image_reader.cc(340)] could not read dos header from C:\WINDOWS\System32\gdi32full.dll
[0409/171158.182:ERROR:process_memory_win.cc(73)] ReadMemory at 0x7ff952690000 of 64 bytes failed: 仅完成部分的 ReadProcessMemory 或 WriteProcessMemory 请求。 (0x12B)
[0409/171158.182:WARNING:pe_image_reader.cc(340)] could not read dos header from C:\WINDOWS\System32\USER32.dll
[0409/171158.183:ERROR:process_memory_win.cc(73)] ReadMemory at 0x7ff952950000 of 64 bytes failed: 仅完成部分的 ReadProcessMemory 或 WriteProcessMemory 请求。 (0x12B)
[0409/171158.183:WARNING:pe_image_reader.cc(340)] could not read dos header from C:\WINDOWS\System32\IMM32.DLL
[0409/171158.189:ERROR:process_memory_win.cc(73)] ReadMemory at 0xebc37fc000 of 16384 bytes failed: 仅完成部分的 ReadProcessMemory 或 WriteProcessMemory 请求。 (0x12B)
[0409/171158.189:ERROR:process_memory_win.cc(73)] ReadMemory at 0xebc2e0f000 of 852 bytes failed: 仅完成部分的 ReadProcessMemory 或 WriteProcessMemory 请求。 (0x12B)
[0409/171158.189:ERROR:process_memory_win.cc(73)] ReadMemory at 0xebc2e10000 of 6024 bytes failed: 仅完成部分的 ReadProcessMemory 或 WriteProcessMemory 请求。 (0x12B)
[0409/171158.189:ERROR:process_memory_win.cc(73)] ReadMemory at 0x2b280ab0fe0 of 5440 bytes failed: 仅完成部分的 ReadProcessMemory 或 WriteProcessMemory 请求。 (0x12B)
[0409/171158.189:ERROR:process_memory_win.cc(73)] ReadMemory at 0x2b280ab2530 of 1012 bytes failed: 仅完成部分的 ReadProcessMemory 或 WriteProcessMemory 请求。 (0x12B)
[0409/171158.189:ERROR:process_memory_win.cc(73)] ReadMemory at 0x2b280ab2b78 of 118 bytes failed: 仅完成部分的 ReadProcessMemory 或 WriteProcessMemory 请求。 (0x12B)
[0409/171158.189:ERROR:process_memory_win.cc(73)] ReadMemory at 0x2b280ab2bf0 of 990 bytes failed: 仅完成部分的 ReadProcessMemory 或 WriteProcessMemory 请求。 (0x12B)
[0409/171158.189:ERROR:process_memory_win.cc(73)] ReadMemory at 0x2b280ab2fd0 of 118 bytes failed: 仅完成部分的 ReadProcessMemory 或 WriteProcessMemory 请求。 (0x12B)
[0409/171158.189:ERROR:process_memory_win.cc(73)] ReadMemory at 0x2b280ab3048 of 96 bytes failed: 仅完成部分的 ReadProcessMemory 或 WriteProcessMemory 请求。 (0x12B)
[0409/171158.189:ERROR:process_memory_win.cc(73)] ReadMemory at 0x2b280ab30c0 of 58 bytes failed: 仅完成部分的 ReadProcessMemory 或 WriteProcessMemory 请求。 (0x12B)
[0409/171158.190:ERROR:process_memory_win.cc(73)] ReadMemory at 0x2b280ab31c0 of 132 bytes failed: 仅完成部分的 ReadProcessMemory 或 WriteProcessMemory 请求。 (0x12B)
[0409/171158.190:ERROR:process_memory_win.cc(73)] ReadMemory at 0x2b280ab3350 of 132 bytes failed: 仅完成部分的 ReadProcessMemory 或 WriteProcessMemory 请求。 (0x12B)
[0409/171158.190:ERROR:process_memory_win.cc(73)] ReadMemory at 0x2b280ab3510 of 126 bytes failed: 仅完成部分的 ReadProcessMemory 或 WriteProcessMemory 请求。 (0x12B)
[0409/171158.190:ERROR:process_memory_win.cc(73)] ReadMemory at 0x2b280ab38f0 of 132 bytes failed: 仅完成部分的 ReadProcessMemory 或 WriteProcessMemory 请求。 (0x12B)
[0409/171158.190:ERROR:process_memory_win.cc(73)] ReadMemory at 0x2b280ab3a80 of 64 bytes failed: 仅完成部分的 ReadProcessMemory 或 WriteProcessMemory 请求。 (0x12B)
[0409/171158.190:ERROR:process_memory_win.cc(73)] ReadMemory at 0x2b280ab3c40 of 132 bytes failed: 仅完成部分的 ReadProcessMemory 或 WriteProcessMemory 请求。 (0x12B)
[0409/171158.190:ERROR:process_memory_win.cc(73)] ReadMemory at 0x2b280ab3ee0 of 132 bytes failed: 仅完成部分的 ReadProcessMemory 或 WriteProcessMemory 请求。 (0x12B)
[0409/171158.190:ERROR:process_memory_win.cc(73)] ReadMemory at 0x2b280ab4070 of 68 bytes failed: 仅完成部分的 ReadProcessMemory 或 WriteProcessMemory 请求。 (0x12B)
[0409/171158.190:ERROR:process_memory_win.cc(73)] ReadMemory at 0x2b280ab5070 of 146 bytes failed: 仅完成部分的 ReadProcessMemory 或 WriteProcessMemory 请求。 (0x12B)
[0409/171158.190:ERROR:process_memory_win.cc(73)] ReadMemory at 0x2b280ab5150 of 132 bytes failed: 仅完成部分的 ReadProcessMemory 或 WriteProcessMemory 请求。 (0x12B)
[0409/171158.190:ERROR:process_memory_win.cc(73)] ReadMemory at 0x2b280ab52e0 of 154 bytes failed: 仅完成部分的 ReadProcessMemory 或 WriteProcessMemory 请求。 (0x12B)
[0409/171158.190:ERROR:process_memory_win.cc(73)] ReadMemory at 0x2b280ab5eb0 of 132 bytes failed: 仅完成部分的 ReadProcessMemory 或 WriteProcessMemory 请求。 (0x12B)
[0409/171158.190:ERROR:process_memory_win.cc(73)] ReadMemory at 0x2b280ab60e0 of 62 bytes failed: 仅完成部分的 ReadProcessMemory 或 WriteProcessMemory 请求。 (0x12B)
[0409/171158.190:ERROR:process_memory_win.cc(73)] ReadMemory at 0x2b280ab6130 of 132 bytes failed: 仅完成部分的 ReadProcessMemory 或 WriteProcessMemory 请求。 (0x12B)
[0409/171158.191:ERROR:process_memory_win.cc(73)] ReadMemory at 0x2b280ab62d0 of 132 bytes failed: 仅完成部分的 ReadProcessMemory 或 WriteProcessMemory 请求。 (0x12B)
[0409/171158.191:ERROR:process_memory_win.cc(73)] ReadMemory at 0x2b280ab6400 of 60 bytes failed: 仅完成部分的 ReadProcessMemory 或 WriteProcessMemory 请求。 (0x12B)
[0409/171158.191:ERROR:process_memory_win.cc(73)] ReadMemory at 0x2b280ab701c of 512 bytes failed: 仅完成部分的 ReadProcessMemory 或 WriteProcessMemory 请求。 (0x12B)
[0409/171158.191:ERROR:process_memory_win.cc(73)] ReadMemory at 0x2b280ab8070 of 132 bytes failed: 仅完成部分的 ReadProcessMemory 或 WriteProcessMemory 请求。 (0x12B)
[0409/171158.191:ERROR:process_memory_win.cc(73)] ReadMemory at 0x2b280ab8200 of 80 bytes failed: 仅完成部分的 ReadProcessMemory 或 WriteProcessMemory 请求。 (0x12B)
[0409/171158.191:ERROR:process_memory_win.cc(73)] ReadMemory at 0x2b280aba770 of 62 bytes failed: 仅完成部分的 ReadProcessMemory 或 WriteProcessMemory 请求。 (0x12B)
[0409/171158.191:ERROR:process_memory_win.cc(73)] ReadMemory at 0x2b280aba8b0 of 60 bytes failed: 仅完成部分的 ReadProcessMemory 或 WriteProcessMemory 请求。 (0x12B)
[0409/171158.191:ERROR:process_memory_win.cc(73)] ReadMemory at 0x2b280aba900 of 60 bytes failed: 仅完成部分的 ReadProcessMemory 或 WriteProcessMemory 请求。 (0x12B)
[0409/171158.191:ERROR:process_memory_win.cc(73)] ReadMemory at 0x2b280aba950 of 64 bytes failed: 仅完成部分的 ReadProcessMemory 或 WriteProcessMemory 请求。 (0x12B)
[0409/171158.191:ERROR:process_memory_win.cc(73)] ReadMemory at 0x2b280aba9a0 of 66 bytes failed: 仅完成部分的 ReadProcessMemory 或 WriteProcessMemory 请求。 (0x12B)
[0409/171158.191:ERROR:process_memory_win.cc(73)] ReadMemory at 0x2b280abaa40 of 64 bytes failed: 仅完成部分的 ReadProcessMemory 或 WriteProcessMemory 请求。 (0x12B)
[0409/171158.191:ERROR:process_memory_win.cc(73)] ReadMemory at 0x2b280abac70 of 64 bytes failed: 仅完成部分的 ReadProcessMemory 或 WriteProcessMemory 请求。 (0x12B)
[0409/171158.191:ERROR:process_memory_win.cc(73)] ReadMemory at 0x2b280abad60 of 62 bytes failed: 仅完成部分的 ReadProcessMemory 或 WriteProcessMemory 请求。 (0x12B)
[0409/171158.191:ERROR:process_memory_win.cc(73)] ReadMemory at 0x2b280abae50 of 64 bytes failed: 仅完成部分的 ReadProcessMemory 或 WriteProcessMemory 请求。 (0x12B)
[0409/171158.191:ERROR:process_memory_win.cc(73)] ReadMemory at 0x2b280abe460 of 54 bytes failed: 仅完成部分的 ReadProcessMemory 或 WriteProcessMemory 请求。 (0x12B)
[0409/171158.192:ERROR:process_memory_win.cc(73)] ReadMemory at 0x2b280abe870 of 132 bytes failed: 仅完成部分的 ReadProcessMemory 或 WriteProcessMemory 请求。 (0x12B)
[0409/171158.192:ERROR:process_memory_win.cc(73)] ReadMemory at 0x2b280abef40 of 132 bytes failed: 仅完成部分的 ReadProcessMemory 或 WriteProcessMemory 请求。 (0x12B)
[0409/171158.192:ERROR:process_memory_win.cc(73)] ReadMemory at 0x2b280abf070 of 132 bytes failed: 仅完成部分的 ReadProcessMemory 或 WriteProcessMemory 请求。 (0x12B)
[0409/171158.192:ERROR:process_memory_win.cc(73)] ReadMemory at 0x2b280abf290 of 132 bytes failed: 仅完成部分的 ReadProcessMemory 或 WriteProcessMemory 请求。 (0x12B)
[0409/171158.192:ERROR:process_memory_win.cc(73)] ReadMemory at 0x2b280abfcb0 of 132 bytes failed: 仅完成部分的 ReadProcessMemory 或 WriteProcessMemory 请求。 (0x12B)
[0409/171158.192:ERROR:process_memory_win.cc(73)] ReadMemory at 0x2b280ac1ee0 of 132 bytes failed: 仅完成部分的 ReadProcessMemory 或 WriteProcessMemory 请求。 (0x12B)
[0409/171158.192:ERROR:process_memory_win.cc(73)] ReadMemory at 0x2b280ac20f0 of 132 bytes failed: 仅完成部分的 ReadProcessMemory 或 WriteProcessMemory 请求。 (0x12B)
[0409/171158.192:ERROR:process_memory_win.cc(73)] ReadMemory at 0x2b280ac4110 of 132 bytes failed: 仅完成部分的 ReadProcessMemory 或 WriteProcessMemory 请求。 (0x12B)
[0409/171158.192:ERROR:process_memory_win.cc(73)] ReadMemory at 0x2b280ac4240 of 132 bytes failed: 仅完成部分的 ReadProcessMemory 或 WriteProcessMemory 请求。 (0x12B)
[0409/171158.192:ERROR:process_memory_win.cc(73)] ReadMemory at 0x2b280ac4370 of 132 bytes failed: 仅完成部分的 ReadProcessMemory 或 WriteProcessMemory 请求。 (0x12B)
[0409/171158.192:ERROR:process_memory_win.cc(73)] ReadMemory at 0x2b280ac44a0 of 132 bytes failed: 仅完成部分的 ReadProcessMemory 或 WriteProcessMemory 请求。 (0x12B)
[0409/171158.192:ERROR:process_memory_win.cc(73)] ReadMemory at 0x2b280ac45d0 of 132 bytes failed: 仅完成部分的 ReadProcessMemory 或 WriteProcessMemory 请求。 (0x12B)
[0409/171158.193:ERROR:process_memory_win.cc(73)] ReadMemory at 0x2b280ac4700 of 132 bytes failed: 仅完成部分的 ReadProcessMemory 或 WriteProcessMemory 请求。 (0x12B)
[0409/171158.193:ERROR:process_memory_win.cc(73)] ReadMemory at 0x2b280ac4960 of 132 bytes failed: 仅完成部分的 ReadProcessMemory 或 WriteProcessMemory 请求。 (0x12B)
[0409/171158.193:ERROR:process_memory_win.cc(73)] ReadMemory at 0x2b280ac4a90 of 132 bytes failed: 仅完成部分的 ReadProcessMemory 或 WriteProcessMemory 请求。 (0x12B)
[0409/171158.193:ERROR:process_memory_win.cc(73)] ReadMemory at 0x2b280ac4bc0 of 132 bytes failed: 仅完成部分的 ReadProcessMemory 或 WriteProcessMemory 请求。 (0x12B)
[0409/171158.193:ERROR:process_memory_win.cc(73)] ReadMemory at 0x2b280ac4cf0 of 132 bytes failed: 仅完成部分的 ReadProcessMemory 或 WriteProcessMemory 请求。 (0x12B)
[0409/171158.193:ERROR:process_memory_win.cc(73)] ReadMemory at 0x2b280ac4e20 of 132 bytes failed: 仅完成部分的 ReadProcessMemory 或 WriteProcessMemory 请求。 (0x12B)
[0409/171158.193:ERROR:process_memory_win.cc(73)] ReadMemory at 0x2b280ac4f50 of 132 bytes failed: 仅完成部分的 ReadProcessMemory 或 WriteProcessMemory 请求。 (0x12B)
[0409/171158.193:ERROR:process_memory_win.cc(73)] ReadMemory at 0x2b280ac5600 of 80 bytes failed: 仅完成部分的 ReadProcessMemory 或 WriteProcessMemory 请求。 (0x12B)
[0409/171158.193:ERROR:process_memory_win.cc(73)] ReadMemory at 0x2b280ac5ba0 of 76 bytes failed: 仅完成部分的 ReadProcessMemory 或 WriteProcessMemory 请求。 (0x12B)
[0409/171158.193:ERROR:process_memory_win.cc(73)] ReadMemory at 0x2b280ac61d0 of 60 bytes failed: 仅完成部分的 ReadProcessMemory 或 WriteProcessMemory 请求。 (0x12B)
[0409/171158.193:ERROR:process_memory_win.cc(73)] ReadMemory at 0x2b280ac6220 of 60 bytes failed: 仅完成部分的 ReadProcessMemory 或 WriteProcessMemory 请求。 (0x12B)
[0409/171158.193:ERROR:process_memory_win.cc(73)] ReadMemory at 0x2b280ac62c0 of 64 bytes failed: 仅完成部分的 ReadProcessMemory 或 WriteProcessMemory 请求。 (0x12B)
[0409/171158.193:ERROR:process_memory_win.cc(73)] ReadMemory at 0x2b280ac6360 of 62 bytes failed: 仅完成部分的 ReadProcessMemory 或 WriteProcessMemory 请求。 (0x12B)
[0409/171158.194:ERROR:process_memory_win.cc(73)] ReadMemory at 0x2b280ac63b0 of 58 bytes failed: 仅完成部分的 ReadProcessMemory 或 WriteProcessMemory 请求。 (0x12B)
[0409/171158.194:ERROR:process_memory_win.cc(73)] ReadMemory at 0x2b280ac6400 of 62 bytes failed: 仅完成部分的 ReadProcessMemory 或 WriteProcessMemory 请求。 (0x12B)
[0409/171158.194:ERROR:process_memory_win.cc(73)] ReadMemory at 0x2b280ac6450 of 58 bytes failed: 仅完成部分的 ReadProcessMemory 或 WriteProcessMemory 请求。 (0x12B)
[0409/171158.194:ERROR:process_memory_win.cc(73)] ReadMemory at 0x2b280ac64a0 of 64 bytes failed: 仅完成部分的 ReadProcessMemory 或 WriteProcessMemory 请求。 (0x12B)
[0409/171158.194:ERROR:process_memory_win.cc(73)] ReadMemory at 0x2b280ac6540 of 62 bytes failed: 仅完成部分的 ReadProcessMemory 或 WriteProcessMemory 请求。 (0x12B)
[0409/171158.194:ERROR:process_memory_win.cc(73)] ReadMemory at 0x2b280ac6590 of 62 bytes failed: 仅完成部分的 ReadProcessMemory 或 WriteProcessMemory 请求。 (0x12B)
[0409/171158.194:ERROR:process_memory_win.cc(73)] ReadMemory at 0x2b280ac65e0 of 62 bytes failed: 仅完成部分的 ReadProcessMemory 或 WriteProcessMemory 请求。 (0x12B)
[0409/171158.194:ERROR:process_memory_win.cc(73)] ReadMemory at 0x2b280ac67c0 of 62 bytes failed: 仅完成部分的 ReadProcessMemory 或 WriteProcessMemory 请求。 (0x12B)
[0409/171158.194:ERROR:process_memory_win.cc(73)] ReadMemory at 0x2b280ac6860 of 60 bytes failed: 仅完成部分的 ReadProcessMemory 或 WriteProcessMemory 请求。 (0x12B)
[0409/171158.194:ERROR:process_memory_win.cc(73)] ReadMemory at 0x2b280ac68b0 of 66 bytes failed: 仅完成部分的 ReadProcessMemory 或 WriteProcessMemory 请求。 (0x12B)
[0409/171158.194:ERROR:process_memory_win.cc(73)] ReadMemory at 0x2b280ac6ae0 of 64 bytes failed: 仅完成部分的 ReadProcessMemory 或 WriteProcessMemory 请求。 (0x12B)
[0409/171158.194:ERROR:process_memory_win.cc(73)] ReadMemory at 0x2b280ac6c20 of 62 bytes failed: 仅完成部分的 ReadProcessMemory 或 WriteProcessMemory 请求。 (0x12B)
[0409/171158.194:ERROR:process_memory_win.cc(73)] ReadMemory at 0x2b280ac6d60 of 62 bytes failed: 仅完成部分的 ReadProcessMemory 或 WriteProcessMemory 请求。 (0x12B)
[0409/171158.195:ERROR:process_memory_win.cc(73)] ReadMemory at 0x2b280ac6e00 of 60 bytes failed: 仅完成部分的 ReadProcessMemory 或 WriteProcessMemory 请求。 (0x12B)
[0409/171158.195:ERROR:process_memory_win.cc(73)] ReadMemory at 0x2b280ac6f90 of 64 bytes failed: 仅完成部分的 ReadProcessMemory 或 WriteProcessMemory 请求。 (0x12B)
[0409/171158.195:ERROR:process_memory_win.cc(73)] ReadMemory at 0x2b280ac6fe0 of 60 bytes failed: 仅完成部分的 ReadProcessMemory 或 WriteProcessMemory 请求。 (0x12B)
[0409/171158.195:ERROR:process_memory_win.cc(73)] ReadMemory at 0x2b280ac7950 of 132 bytes failed: 仅完成部分的 ReadProcessMemory 或 WriteProcessMemory 请求。 (0x12B)
[0409/171158.195:ERROR:process_memory_win.cc(73)] ReadMemory at 0x2b280ac7a80 of 132 bytes failed: 仅完成部分的 ReadProcessMemory 或 WriteProcessMemory 请求。 (0x12B)
[0409/171158.195:ERROR:process_memory_win.cc(73)] ReadMemory at 0x2b280ac7bb0 of 132 bytes failed: 仅完成部分的 ReadProcessMemory 或 WriteProcessMemory 请求。 (0x12B)
[0409/171158.195:ERROR:process_memory_win.cc(73)] ReadMemory at 0x2b280ac7e10 of 132 bytes failed: 仅完成部分的 ReadProcessMemory 或 WriteProcessMemory 请求。 (0x12B)
[0409/171158.195:ERROR:process_memory_win.cc(73)] ReadMemory at 0x2b280ac7f40 of 132 bytes failed: 仅完成部分的 ReadProcessMemory 或 WriteProcessMemory 请求。 (0x12B)
[0409/171158.195:ERROR:process_memory_win.cc(73)] ReadMemory at 0x2b280ac8400 of 132 bytes failed: 仅完成部分的 ReadProcessMemory 或 WriteProcessMemory 请求。 (0x12B)
[0409/171158.195:ERROR:process_memory_win.cc(73)] ReadMemory at 0x2b280ac8790 of 132 bytes failed: 仅完成部分的 ReadProcessMemory 或 WriteProcessMemory 请求。 (0x12B)
[0409/171158.195:ERROR:process_memory_win.cc(73)] ReadMemory at 0x2b280ac88c0 of 132 bytes failed: 仅完成部分的 ReadProcessMemory 或 WriteProcessMemory 请求。 (0x12B)
[0409/171158.195:ERROR:process_memory_win.cc(73)] ReadMemory at 0x2b280ac89f0 of 132 bytes failed: 仅完成部分的 ReadProcessMemory 或 WriteProcessMemory 请求。 (0x12B)
[0409/171158.195:ERROR:process_memory_win.cc(73)] ReadMemory at 0x2b280ac8b20 of 132 bytes failed: 仅完成部分的 ReadProcessMemory 或 WriteProcessMemory 请求。 (0x12B)
[0409/171158.195:ERROR:process_memory_win.cc(73)] ReadMemory at 0x2b280ac8eb0 of 132 bytes failed: 仅完成部分的 ReadProcessMemory 或 WriteProcessMemory 请求。 (0x12B)
[0409/171158.195:ERROR:process_memory_win.cc(73)] ReadMemory at 0x2b280ac8fe0 of 132 bytes failed: 仅完成部分的 ReadProcessMemory 或 WriteProcessMemory 请求。 (0x12B)
[0409/171158.195:ERROR:process_memory_win.cc(73)] ReadMemory at 0x2b280ac9110 of 132 bytes failed: 仅完成部分的 ReadProcessMemory 或 WriteProcessMemory 请求。 (0x12B)
[0409/171158.195:ERROR:process_memory_win.cc(73)] ReadMemory at 0x2b280ac9370 of 132 bytes failed: 仅完成部分的 ReadProcessMemory 或 WriteProcessMemory 请求。 (0x12B)
[0409/171158.196:ERROR:process_memory_win.cc(73)] ReadMemory at 0x2b280addf40 of 60 bytes failed: 仅完成部分的 ReadProcessMemory 或 WriteProcessMemory 请求。 (0x12B)
[0409/171158.196:ERROR:process_memory_win.cc(73)] ReadMemory at 0x2b280ade2b0 of 66 bytes failed: 仅完成部分的 ReadProcessMemory 或 WriteProcessMemory 请求。 (0x12B)
[0409/171158.196:ERROR:process_memory_win.cc(73)] ReadMemory at 0x7ff8ed500000 of 384 bytes failed: 仅完成部分的 ReadProcessMemory 或 WriteProcessMemory 请求。 (0x12B)
[0409/171158.196:ERROR:process_memory_win.cc(73)] ReadMemory at 0x7ff8f47dc3d8 of 512 bytes failed: 仅完成部分的 ReadProcessMemory 或 WriteProcessMemory 请求。 (0x12B)
[0409/171158.196:ERROR:process_memory_win.cc(73)] ReadMemory at 0x7ff8f489ea18 of 512 bytes failed: 仅完成部分的 ReadProcessMemory 或 WriteProcessMemory 请求。 (0x12B)
[0409/171158.196:ERROR:process_memory_win.cc(73)] ReadMemory at 0x7ff8f489f1f0 of 512 bytes failed: 仅完成部分的 ReadProcessMemory 或 WriteProcessMemory 请求。 (0x12B)
[0409/171158.196:ERROR:process_memory_win.cc(73)] ReadMemory at 0x7ff9518ca7d9 of 512 bytes failed: 仅完成部分的 ReadProcessMemory 或 WriteProcessMemory 请求。 (0x12B)
[0409/171158.196:ERROR:process_memory_win.cc(73)] ReadMemory at 0x7ff951afb720 of 512 bytes failed: 仅完成部分的 ReadProcessMemory 或 WriteProcessMemory 请求。 (0x12B)
[0409/171158.196:ERROR:process_memory_win.cc(73)] ReadMemory at 0x7ff9544fc6c4 of 512 bytes failed: 仅完成部分的 ReadProcessMemory 或 WriteProcessMemory 请求。 (0x12B)
[0409/171158.196:ERROR:process_memory_win.cc(73)] ReadMemory at 0x7ff95457d738 of 512 bytes failed: 仅完成部分的 ReadProcessMemory 或 WriteProcessMemory 请求。 (0x12B)
[0409/171158.196:ERROR:process_memory_win.cc(73)] ReadMemory at 0x7ff95458c428 of 18 bytes failed: 仅完成部分的 ReadProcessMemory 或 WriteProcessMemory 请求。 (0x12B)
[0409/171158.196:ERROR:process_memory_win.cc(73)] ReadMemory at 0x7ff9545bf4f8 of 40 bytes failed: 仅完成部分的 ReadProcessMemory 或 WriteProcessMemory 请求。 (0x12B)
[0409/171158.196:ERROR:process_memory_win.cc(73)] ReadMemory at 0x7ff9545bf978 of 48 bytes failed: 仅完成部分的 ReadProcessMemory 或 WriteProcessMemory 请求。 (0x12B)
[0409/171158.196:ERROR:process_memory_win.cc(73)] ReadMemory at 0x7ff9545c53c0 of 64 bytes failed: 仅完成部分的 ReadProcessMemory 或 WriteProcessMemory 请求。 (0x12B)
[0409/171158.198:ERROR:file_io_win.cc(161)] CreateFile C:\Users\karry\AppData\Local\Temp\scoped_dir27956_22256\Crashpad\settings.dat: 系统找不到指定的文件。 (0x2)
[0409/171158.198:ERROR:scoped_process_suspend.cc(40)] NtResumeProcess: 已尝试访问正在退出的过程。 (0xc000010a)
